2014-05-29 10:40:01.336 WesApp[2595:70b] Multi-tasking -> Device: YES, App: YES
2014-05-29 10:40:01.721 WesApp[2595:70b] Unlimited access to network resources
2014-05-29 10:40:01.723 WesApp[2595:70b] 

Started backup to iCloud! Please be careful.
Your application might rejected by Apple if you store too much data.
For more information please read "iOS Data Storage Guidelines"
You could find it at the following address https://developer.apple.com/icloud/documentation/data-storage/ .

2014-05-29 10:40:03.050 WesApp[2595:70b] Resetting plugins due to page load.
2014-05-29 10:40:03.199 WesApp[2595:70b] Finished load of: file:///Users/justinraymond/Library/Application%20Support/iPhone%20Simulator/7.1/Applications/4F25DB0E-EAD0-4160-ABB5-D0396FD79E50/WesApp.app/www/index.html
Terminating in response to SpringBoard's termination.
2014-05-29 10:40:51.917 WesApp[2745:70b] Multi-tasking -> Device: YES, App: YES
2014-05-29 10:40:51.922 WesApp[2745:70b] Unlimited access to network resources
2014-05-29 10:40:51.924 WesApp[2745:70b] 

Started backup to iCloud! Please be careful.
Your application might rejected by Apple if you store too much data.
For more information please read "iOS Data Storage Guidelines"
You could find it at the following address https://developer.apple.com/icloud/documentation/data-storage/ .

2014-05-29 10:40:52.014 WesApp[2745:70b] Resetting plugins due to page load.
2014-05-29 10:40:52.049 WesApp[2745:70b] Finished load of: file:///Users/justinraymond/Library/Application%20Support/iPhone%20Simulator/7.1/Applications/4F25DB0E-EAD0-4160-ABB5-D0396FD79E50/WesApp.app/www/index.html
Terminating in response to SpringBoard's termination.
2014-05-29 10:52:33.127 WesApp[2992:70b] Multi-tasking -> Device: YES, App: YES
2014-05-29 10:52:33.133 WesApp[2992:70b] Unlimited access to network resources
2014-05-29 10:52:33.135 WesApp[2992:70b] 

Started backup to iCloud! Please be careful.
Your application might rejected by Apple if you store too much data.
For more information please read "iOS Data Storage Guidelines"
You could find it at the following address https://developer.apple.com/icloud/documentation/data-storage/ .

2014-05-29 10:52:33.216 WesApp[2992:70b] Resetting plugins due to page load.
2014-05-29 10:52:33.761 WesApp[2992:70b] Finished load of: file:///Users/justinraymond/Library/Application%20Support/iPhone%20Simulator/7.1/Applications/4F25DB0E-EAD0-4160-ABB5-D0396FD79E50/WesApp.app/www/index.html
2014-05-29 10:53:51.388 WesApp[3135:70b] Multi-tasking -> Device: YES, App: YES
2014-05-29 10:53:51.394 WesApp[3135:70b] Unlimited access to network resources
2014-05-29 10:53:51.396 WesApp[3135:70b] 

Started backup to iCloud! Please be careful.
Your application might rejected by Apple if you store too much data.
For more information please read "iOS Data Storage Guidelines"
You could find it at the following address https://developer.apple.com/icloud/documentation/data-storage/ .

2014-05-29 10:53:51.479 WesApp[3135:70b] Resetting plugins due to page load.
2014-05-29 10:53:51.874 WesApp[3135:70b] Finished load of: file:///Users/justinraymond/Library/Application%20Support/iPhone%20Simulator/7.1/Applications/4F25DB0E-EAD0-4160-ABB5-D0396FD79E50/WesApp.app/www/index.html
Terminating in response to SpringBoard's termination.
2014-05-29 10:55:38.574 WesApp[3518:70b] Multi-tasking -> Device: YES, App: YES
2014-05-29 10:55:38.580 WesApp[3518:70b] Unlimited access to network resources
2014-05-29 10:55:38.581 WesApp[3518:70b] 

Started backup to iCloud! Please be careful.
Your application might rejected by Apple if you store too much data.
For more information please read "iOS Data Storage Guidelines"
You could find it at the following address https://developer.apple.com/icloud/documentation/data-storage/ .

2014-05-29 10:55:38.661 WesApp[3518:70b] Resetting plugins due to page load.
2014-05-29 10:55:39.040 WesApp[3518:70b] Finished load of: file:///Users/justinraymond/Library/Application%20Support/iPhone%20Simulator/7.1/Applications/4F25DB0E-EAD0-4160-ABB5-D0396FD79E50/WesApp.app/www/index.html
2014-05-29 10:57:11.747 WesApp[3518:70b] Resetting plugins due to page load.
2014-05-29 10:57:15.619 WesApp[3518:70b] Failed to load webpage with error: The operation couldn’t be completed. (NSURLErrorDomain error -999.)
2014-05-29 10:57:15.622 WesApp[3518:70b] Resetting plugins due to page load.
2014-05-29 10:57:19.447 WesApp[3518:70b] Finished load of: https://thisiswhy.wesleyan.edu/givenow
Terminating in response to SpringBoard's termination.
2014-05-29 12:06:47.404 WesApp[4163:70b] Multi-tasking -> Device: YES, App: YES
2014-05-29 12:06:47.409 WesApp[4163:70b] Unlimited access to network resources
2014-05-29 12:06:47.411 WesApp[4163:70b] 

Started backup to iCloud! Please be careful.
Your application might rejected by Apple if you store too much data.
For more information please read "iOS Data Storage Guidelines"
You could find it at the following address https://developer.apple.com/icloud/documentation/data-storage/ .

2014-05-29 12:06:47.535 WesApp[4163:70b] Resetting plugins due to page load.
2014-05-29 12:06:48.001 WesApp[4163:70b] Finished load of: file:///Users/justinraymond/Library/Application%20Support/iPhone%20Simulator/7.1/Applications/4F25DB0E-EAD0-4160-ABB5-D0396FD79E50/WesApp.app/www/index.html
2014-05-29 13:39:14.044 WesApp[5452:70b] Multi-tasking -> Device: YES, App: YES
2014-05-29 13:39:14.049 WesApp[5452:70b] Unlimited access to network resources
2014-05-29 13:39:14.051 WesApp[5452:70b] 

Started backup to iCloud! Please be careful.
Your application might rejected by Apple if you store too much data.
For more information please read "iOS Data Storage Guidelines"
You could find it at the following address https://developer.apple.com/icloud/documentation/data-storage/ .

2014-05-29 13:39:14.146 WesApp[5452:70b] Resetting plugins due to page load.
2014-05-29 13:39:14.506 WesApp[5452:70b] Finished load of: file:///Users/justinraymond/Library/Application%20Support/iPhone%20Simulator/7.1/Applications/4F25DB0E-EAD0-4160-ABB5-D0396FD79E50/WesApp.app/www/index.html
2014-05-29 13:41:01.517 WesApp[5840:70b] Multi-tasking -> Device: YES, App: YES
2014-05-29 13:41:01.522 WesApp[5840:70b] Unlimited access to network resources
2014-05-29 13:41:01.524 WesApp[5840:70b] 

Started backup to iCloud! Please be careful.
Your application might rejected by Apple if you store too much data.
For more information please read "iOS Data Storage Guidelines"
You could find it at the following address https://developer.apple.com/icloud/documentation/data-storage/ .

2014-05-29 13:41:01.601 WesApp[5840:70b] Resetting plugins due to page load.
2014-05-29 13:41:01.927 WesApp[5840:70b] Finished load of: file:///Users/justinraymond/Library/Application%20Support/iPhone%20Simulator/7.1/Applications/4F25DB0E-EAD0-4160-ABB5-D0396FD79E50/WesApp.app/www/index.html
Terminating in response to SpringBoard's termination.
2014-05-29 13:45:22.474 WesApp[6256:70b] Multi-tasking -> Device: YES, App: YES
2014-05-29 13:45:22.479 WesApp[6256:70b] Unlimited access to network resources
2014-05-29 13:45:22.481 WesApp[6256:70b] 

Started backup to iCloud! Please be careful.
Your application might rejected by Apple if you store too much data.
For more information please read "iOS Data Storage Guidelines"
You could find it at the following address https://developer.apple.com/icloud/documentation/data-storage/ .

2014-05-29 13:45:22.538 WesApp[6256:70b] [CDVTimer][splashscreen] 45.354009ms
2014-05-29 13:45:22.538 WesApp[6256:70b] [CDVTimer][TotalPluginStartup] 45.726001ms
2014-05-29 13:45:22.629 WesApp[6256:70b] Resetting plugins due to page load.
2014-05-29 13:45:23.031 WesApp[6256:70b] Finished load of: file:///Users/justinraymond/Library/Application%20Support/iPhone%20Simulator/7.1/Applications/4F25DB0E-EAD0-4160-ABB5-D0396FD79E50/WesApp.app/www/index.html
Terminating in response to SpringBoard's termination.
2014-05-29 13:45:37.745 WesApp[6471:70b] Multi-tasking -> Device: YES, App: YES
2014-05-29 13:45:37.751 WesApp[6471:70b] Unlimited access to network resources
2014-05-29 13:45:37.753 WesApp[6471:70b] 

Started backup to iCloud! Please be careful.
Your application might rejected by Apple if you store too much data.
For more information please read "iOS Data Storage Guidelines"
You could find it at the following address https://developer.apple.com/icloud/documentation/data-storage/ .

2014-05-29 13:45:37.772 WesApp[6471:70b] [CDVTimer][splashscreen] 6.293952ms
2014-05-29 13:45:37.773 WesApp[6471:70b] [CDVTimer][TotalPluginStartup] 6.650984ms
2014-05-29 13:45:37.853 WesApp[6471:70b] Resetting plugins due to page load.
2014-05-29 13:45:38.206 WesApp[6471:70b] Finished load of: file:///Users/justinraymond/Library/Application%20Support/iPhone%20Simulator/7.1/Applications/4F25DB0E-EAD0-4160-ABB5-D0396FD79E50/WesApp.app/www/index.html
Terminating in response to SpringBoard's termination.
2014-05-29 13:48:38.887 WesApp[6869:70b] Multi-tasking -> Device: YES, App: YES
2014-05-29 13:48:38.893 WesApp[6869:70b] Unlimited access to network resources
2014-05-29 13:48:38.895 WesApp[6869:70b] 

Started backup to iCloud! Please be careful.
Your application might rejected by Apple if you store too much data.
For more information please read "iOS Data Storage Guidelines"
You could find it at the following address https://developer.apple.com/icloud/documentation/data-storage/ .

2014-05-29 13:48:38.912 WesApp[6869:70b] [CDVTimer][splashscreen] 6.232023ms
2014-05-29 13:48:38.913 WesApp[6869:70b] [CDVTimer][TotalPluginStartup] 6.572008ms
2014-05-29 13:48:38.986 WesApp[6869:70b] Resetting plugins due to page load.
2014-05-29 13:48:39.436 WesApp[6869:70b] Finished load of: file:///Users/justinraymond/Library/Application%20Support/iPhone%20Simulator/7.1/Applications/4F25DB0E-EAD0-4160-ABB5-D0396FD79E50/WesApp.app/www/index.html
Terminating in response to SpringBoard's termination.
